<?xml version="1.0" encoding="UTF-8"?>
<testsuite xmlns:xsi="http://www.w3.org/2001/XMLSchema-instance" xsi:noNamespaceSchemaLocation="https://maven.apache.org/surefire/maven-surefire-plugin/xsd/surefire-test-report-3.0.xsd" version="3.0" name="com.github.segmentedlist.ReversedViewTest" time="0.007" tests="14" errors="0" skipped="0" failures="0">
  <properties>
[...]
</properties>
  <testcase name="testReversedIsView_NotCopy" classname="com.github.segmentedlist.ReversedViewTest" time="0.0"/>
  <testcase name="testReversedView_AddToViewAffectsOriginal" classname="com.github.segmentedlist.ReversedViewTest" time="0.0"/>
  <testcase name="testReversedView_LargeList" classname="com.github.segmentedlist.ReversedViewTest" time="0.001"/>
  <testcase name="testReversedView_ModificationInViewAffectsOriginal" classname="com.github.segmentedlist.ReversedViewTest" time="0.0"/>
  <testcase name="testDoubleReversed_ReturnsOriginal" classname="com.github.segmentedlist.ReversedViewTest" time="0.001"/>
  <testcase name="testReversedView_DescendingIteratorIsForwardIterator" classname="com.github.segmentedlist.ReversedViewTest" time="0.0"/>
  <testcase name="testReversedView_DequeOperations" classname="com.github.segmentedlist.ReversedViewTest" time="0.001"/>
  <testcase name="testReversedView_ClearInViewClearsOriginal" classname="com.github.segmentedlist.ReversedViewTest" time="0.0"/>
  <testcase name="testReversedView_ModificationInOriginalAffectsView" classname="com.github.segmentedlist.ReversedViewTest" time="0.0"/>
  <testcase name="testReversedView_EmptyList" classname="com.github.segmentedlist.ReversedViewTest" time="0.001"/>
  <testcase name="testReversedView_RemoveLastOccurrence" classname="com.github.segmentedlist.ReversedViewTest" time="0.0"/>
  <testcase name="testReversedView_RemoveFromViewAffectsOriginal" classname="com.github.segmentedlist.ReversedViewTest" time="0.0"/>
  <testcase name="testReversedView_RemoveFirstOccurrence" classname="com.github.segmentedlist.ReversedViewTest" time="0.001"/>
  <testcase name="testReversedView_IteratorModifiesBothDirections" classname="com.github.segmentedlist.ReversedViewTest" time="0.002"/>
</testsuite>